Dec 01,2017 17:59:28: Success!!.
Dec 01,2017 17:59:28: Peer 1002 makes a connection to Peer 1001.
Dec 01,2017 17:59:38: Peer 1002 has downloaded the piece 9 from 1001.
Dec 01,2017 17:59:38: Peer 1002 has downloaded the piece 4 from 1001.
Dec 01,2017 17:59:38: Peer 1002 received the 'not interested' message from 1001.
Dec 01,2017 17:59:38: Peer 1002 received the 'not interested' message from 1001.
Dec 01,2017 17:59:38: Peer 1002 has downloaded the piece 11 from 1001.
Dec 01,2017 17:59:39: Peer 1002 received the 'not interested' message from 1001.
Dec 01,2017 17:59:39: Peer 1002 has downloaded the piece 0 from 1001.
Dec 01,2017 17:59:39: Peer 1002 has downloaded the piece 6 from 1001.
Dec 01,2017 17:59:39: Peer 1002 received the 'not interested' message from 1001.
Dec 01,2017 17:59:39: Peer 1002 received the 'not interested' message from 1001.
Dec 01,2017 17:59:39: Peer 1002 has downloaded the piece 1 from 1001.
Dec 01,2017 17:59:39: Peer 1002 has downloaded the piece 3 from 1001.
Dec 01,2017 17:59:39: Peer 1002 received the 'not interested' message from 1001.
Dec 01,2017 17:59:40: Peer 1002 received the 'not interested' message from 1001.
Dec 01,2017 17:59:40: Peer 1002 has downloaded the piece 10 from 1001.
Dec 01,2017 17:59:40: Peer 1002 has downloaded the piece 5 from 1001.
Dec 01,2017 17:59:40: Peer 1002 received the 'not interested' message from 1001.
Dec 01,2017 17:59:40: Peer 1002 received the 'not interested' message from 1001.
Dec 01,2017 17:59:40: Peer 1002 has downloaded the piece 2 from 1001.
Dec 01,2017 17:59:40: Peer 1002 has downloaded the piece 7 from 1001.
Dec 01,2017 17:59:41: Peer 1002 received the 'not interested' message from 1001.
Dec 01,2017 17:59:41: Peer 1002 has downloaded the piece 8 from 1001.
Dec 01,2017 17:59:41: Peer 1002 received the 'not interested' message from 1001.
Dec 01,2017 17:59:41: Peer 1002 received the 'not interested' message from 1001.
Dec 01,2017 17:59:49: Peer 1002 has downloaded the complete file.
